This file contains any messages produced by compilers while
running configure, to aid debugging if configure makes a mistake.

It was created by SoftHSM configure 1.3.4, which was
generated by GNU Autoconf 2.69.  Invocation command line was

  $ ./configure --with-botan=/usr --with-sqlite3=/usr CC=/usr/bin/gcc CXX=/usr/bin/g++ CFLAGS=-g3 -gdwarf-2 CXXFLAGS=-g3 -gdwarf-2 LDFLAGS=

## --------- ##
## Platform. ##
## --------- ##

hostname = laptop
uname -m = x86_64
uname -r = 3.9.4-1-ARCH
uname -s = Linux
uname -v = #1 SMP PREEMPT Sat May 25 16:14:55 CEST 2013

/usr/bin/uname -p = unknown
/bin/uname -X     = unknown

/bin/arch              = unknown
/usr/bin/arch -k       = unknown
/usr/convex/getsysinfo = unknown
/usr/bin/hostinfo      = unknown
/bin/machine           = unknown
/usr/bin/oslevel       = unknown
/bin/universe          = unknown

PATH: /usr/bin
PATH: /bin
PATH: /usr/bin
PATH: /usr/lib/qt4/bin
PATH: /usr/local/bin
PATH: /usr/bin
PATH: /bin
PATH: /usr/local/sbin
PATH: /usr/sbin
PATH: /sbin
PATH: /usr/bin/core_perl


## ----------- ##
## Core tests. ##
## ----------- ##

configure:2405: checking for a BSD-compatible install
configure:2473: result: /usr/bin/install -c
configure:2484: checking whether build environment is sane
configure:2539: result: yes
configure:2690: checking for a thread-safe mkdir -p
configure:2729: result: /usr/bin/mkdir -p
configure:2736: checking for gawk
configure:2752: found /usr/bin/gawk
configure:2763: result: gawk
configure:2774: checking whether make sets $(MAKE)
configure:2796: result: yes
configure:2825: checking whether make supports nested variables
configure:2842: result: yes
configure:2928: sysconfdir set to /etc
configure:2936: localstate set to /var
configure:3061: checking for C++ compiler version
configure:3070: /usr/bin/g++ --version >&5
g++ (GCC) 4.8.0 20130502 (prerelease)
Copyright (C) 2013 Free Software Foundation, Inc.
This is free software; see the source for copying conditions.  There is NO
warranty; not even for MERCHANTABILITY or FITNESS FOR A PARTICULAR PURPOSE.

configure:3081: $? = 0
configure:3070: /usr/bin/g++ -v >&5
Using built-in specs.
COLLECT_GCC=/usr/bin/g++
COLLECT_LTO_WRAPPER=/usr/lib/gcc/x86_64-unknown-linux-gnu/4.8.0/lto-wrapper
Target: x86_64-unknown-linux-gnu
Configured with: /build/gcc-multilib/src/gcc-4.8-20130502/configure --prefix=/usr --libdir=/usr/lib --libexecdir=/usr/lib --mandir=/usr/share/man --infodir=/usr/share/info --with-bugurl=https://bugs.archlinux.org/ --enable-languages=c,c++,ada,fortran,go,lto,objc,obj-c++ --enable-shared --enable-threads=posix --with-system-zlib --enable-__cxa_atexit --disable-libunwind-exceptions --enable-clocale=gnu --disable-libstdcxx-pch --enable-gnu-unique-object --enable-linker-build-id --enable-cloog-backend=isl --disable-cloog-version-check --enable-lto --enable-gold --enable-ld=default --enable-plugin --with-plugin-ld=ld.gold --with-linker-hash-style=gnu --disable-install-libiberty --enable-multilib --disable-libssp --disable-werror --enable-checking=release
Thread model: posix
gcc version 4.8.0 20130502 (prerelease) (GCC) 
configure:3081: $? = 0
configure:3070: /usr/bin/g++ -V >&5
g++: error: unrecognized command line option '-V'
g++: fatal error: no input files
compilation terminated.
configure:3081: $? = 1
configure:3070: /usr/bin/g++ -qversion >&5
g++: error: unrecognized command line option '-qversion'
g++: fatal error: no input files
compilation terminated.
configure:3081: $? = 1
configure:3101: checking whether the C++ compiler works
configure:3123: /usr/bin/g++ -g3 -gdwarf-2   conftest.cpp  >&5
configure:3127: $? = 0
configure:3175: result: yes
configure:3178: checking for C++ compiler default output file name
configure:3180: result: a.out
configure:3186: checking for suffix of executables
configure:3193: /usr/bin/g++ -o conftest -g3 -gdwarf-2   conftest.cpp  >&5
configure:3197: $? = 0
configure:3219: result: 
configure:3241: checking whether we are cross compiling
configure:3249: /usr/bin/g++ -o conftest -g3 -gdwarf-2   conftest.cpp  >&5
configure:3253: $? = 0
configure:3260: ./conftest
configure:3264: $? = 0
configure:3279: result: no
configure:3284: checking for suffix of object files
configure:3306: /usr/bin/g++ -c -g3 -gdwarf-2  conftest.cpp >&5
configure:3310: $? = 0
configure:3331: result: o
configure:3335: checking whether we are using the GNU C++ compiler
configure:3354: /usr/bin/g++ -c -g3 -gdwarf-2  conftest.cpp >&5
configure:3354: $? = 0
configure:3363: result: yes
configure:3372: checking whether /usr/bin/g++ accepts -g
configure:3392: /usr/bin/g++ -c -g  conftest.cpp >&5
configure:3392: $? = 0
configure:3433: result: yes
configure:3467: checking for style of include used by make
configure:3495: result: GNU
configure:3521: checking dependency style of /usr/bin/g++
configure:3632: result: gcc3
configure:3695: checking for gcc
configure:3722: result: /usr/bin/gcc
configure:3951: checking for C compiler version
configure:3960: /usr/bin/gcc --version >&5
gcc (GCC) 4.8.0 20130502 (prerelease)
Copyright (C) 2013 Free Software Foundation, Inc.
This is free software; see the source for copying conditions.  There is NO
warranty; not even for MERCHANTABILITY or FITNESS FOR A PARTICULAR PURPOSE.

configure:3971: $? = 0
configure:3960: /usr/bin/gcc -v >&5
Using built-in specs.
COLLECT_GCC=/usr/bin/gcc
COLLECT_LTO_WRAPPER=/usr/lib/gcc/x86_64-unknown-linux-gnu/4.8.0/lto-wrapper
Target: x86_64-unknown-linux-gnu
Configured with: /build/gcc-multilib/src/gcc-4.8-20130502/configure --prefix=/usr --libdir=/usr/lib --libexecdir=/usr/lib --mandir=/usr/share/man --infodir=/usr/share/info --with-bugurl=https://bugs.archlinux.org/ --enable-languages=c,c++,ada,fortran,go,lto,objc,obj-c++ --enable-shared --enable-threads=posix --with-system-zlib --enable-__cxa_atexit --disable-libunwind-exceptions --enable-clocale=gnu --disable-libstdcxx-pch --enable-gnu-unique-object --enable-linker-build-id --enable-cloog-backend=isl --disable-cloog-version-check --enable-lto --enable-gold --enable-ld=default --enable-plugin --with-plugin-ld=ld.gold --with-linker-hash-style=gnu --disable-install-libiberty --enable-multilib --disable-libssp --disable-werror --enable-checking=release
Thread model: posix
gcc version 4.8.0 20130502 (prerelease) (GCC) 
configure:3971: $? = 0
configure:3960: /usr/bin/gcc -V >&5
gcc: error: unrecognized command line option '-V'
gcc: fatal error: no input files
compilation terminated.
configure:3971: $? = 1
configure:3960: /usr/bin/gcc -qversion >&5
gcc: error: unrecognized command line option '-qversion'
gcc: fatal error: no input files
compilation terminated.
configure:3971: $? = 1
configure:3975: checking whether we are using the GNU C compiler
configure:3994: /usr/bin/gcc -c -g3 -gdwarf-2  conftest.c >&5
configure:3994: $? = 0
configure:4003: result: yes
configure:4012: checking whether /usr/bin/gcc accepts -g
configure:4032: /usr/bin/gcc -c -g  conftest.c >&5
configure:4032: $? = 0
configure:4073: result: yes
configure:4090: checking for /usr/bin/gcc option to accept ISO C89
configure:4153: /usr/bin/gcc  -c -g3 -gdwarf-2  conftest.c >&5
configure:4153: $? = 0
configure:4166: result: none needed
configure:4188: checking dependency style of /usr/bin/gcc
configure:4299: result: gcc3
configure:4440: checking for Botan >= 1.10.0
configure:4463: /usr/bin/g++ -o conftest -g3 -gdwarf-2  -Wno-long-long -I/usr/include/botan-1.10  conftest.cpp  -L/usr/lib -lbotan-1.10 >&5
configure:4463: $? = 0
configure:4477: result: yes
configure:4490: checking what are the Botan includes
configure:4492: result: -I/usr/include/botan-1.10
configure:4495: checking what are the Botan libs
configure:4497: result: -L/usr/lib -lbotan-1.10
configure:4524: /usr/bin/g++ -o conftest -g3 -gdwarf-2  -Wno-long-long -I/usr/include/botan-1.10  conftest.cpp  -L/usr/lib -lbotan-1.10 >&5
configure:4524: $? = 0
configure:4525: result: checking for Botan >= v1.8.0 ... yes
configure:4556: /usr/bin/g++ -o conftest -g3 -gdwarf-2  -Wno-long-long -I/usr/include/botan-1.10  conftest.cpp  -L/usr/lib -lbotan-1.10 >&5
configure:4556: $? = 0
configure:4557: result: checking for Botan reseed API fix ... no
configure:4688: checking how to run the C preprocessor
configure:4719: /usr/bin/gcc -E  -Wno-long-long conftest.c
configure:4719: $? = 0
configure:4733: /usr/bin/gcc -E  -Wno-long-long conftest.c
conftest.c:11:28: fatal error: ac_nonexistent.h: No such file or directory
 #include <ac_nonexistent.h>
                            ^
compilation terminated.
configure:4733: $? = 1
configure: failed program was:
| /* confdefs.h */
| #define PACKAGE_NAME "SoftHSM"
| #define PACKAGE_TARNAME "softhsm"
| #define PACKAGE_VERSION "1.3.4"
| #define PACKAGE_STRING "SoftHSM 1.3.4"
| #define PACKAGE_BUGREPORT ""
| #define PACKAGE_URL ""
| #define PACKAGE "softhsm"
| #define VERSION "1.3.4"
| /* end confdefs.h.  */
| #include <ac_nonexistent.h>
configure:4758: result: /usr/bin/gcc -E
configure:4778: /usr/bin/gcc -E  -Wno-long-long conftest.c
configure:4778: $? = 0
configure:4792: /usr/bin/gcc -E  -Wno-long-long conftest.c
conftest.c:11:28: fatal error: ac_nonexistent.h: No such file or directory
 #include <ac_nonexistent.h>
                            ^
compilation terminated.
configure:4792: $? = 1
configure: failed program was:
| /* confdefs.h */
| #define PACKAGE_NAME "SoftHSM"
| #define PACKAGE_TARNAME "softhsm"
| #define PACKAGE_VERSION "1.3.4"
| #define PACKAGE_STRING "SoftHSM 1.3.4"
| #define PACKAGE_BUGREPORT ""
| #define PACKAGE_URL ""
| #define PACKAGE "softhsm"
| #define VERSION "1.3.4"
| /* end confdefs.h.  */
| #include <ac_nonexistent.h>
configure:4821: checking for grep that handles long lines and -e
configure:4879: result: /usr/bin/grep
configure:4884: checking for egrep
configure:4946: result: /usr/bin/grep -E
configure:4951: checking for ANSI C header files
configure:4971: /usr/bin/gcc -c -g3 -gdwarf-2 -pedantic -Wall -Wextra  -Wno-long-long conftest.c >&5
configure:4971: $? = 0
configure:5044: /usr/bin/gcc -o conftest -g3 -gdwarf-2 -pedantic -Wall -Wextra  -Wno-long-long  conftest.c  >&5
configure:5044: $? = 0
configure:5044: ./conftest
configure:5044: $? = 0
configure:5055: result: yes
configure:5068: checking for sys/types.h
configure:5068: /usr/bin/gcc -c -g3 -gdwarf-2 -pedantic -Wall -Wextra  -Wno-long-long conftest.c >&5
configure:5068: $? = 0
configure:5068: result: yes
configure:5068: checking for sys/stat.h
configure:5068: /usr/bin/gcc -c -g3 -gdwarf-2 -pedantic -Wall -Wextra  -Wno-long-long conftest.c >&5
configure:5068: $? = 0
configure:5068: result: yes
configure:5068: checking for stdlib.h
configure:5068: /usr/bin/gcc -c -g3 -gdwarf-2 -pedantic -Wall -Wextra  -Wno-long-long conftest.c >&5
configure:5068: $? = 0
configure:5068: result: yes
configure:5068: checking for string.h
configure:5068: /usr/bin/gcc -c -g3 -gdwarf-2 -pedantic -Wall -Wextra  -Wno-long-long conftest.c >&5
configure:5068: $? = 0
configure:5068: result: yes
configure:5068: checking for memory.h
configure:5068: /usr/bin/gcc -c -g3 -gdwarf-2 -pedantic -Wall -Wextra  -Wno-long-long conftest.c >&5
configure:5068: $? = 0
configure:5068: result: yes
configure:5068: checking for strings.h
configure:5068: /usr/bin/gcc -c -g3 -gdwarf-2 -pedantic -Wall -Wextra  -Wno-long-long conftest.c >&5
configure:5068: $? = 0
configure:5068: result: yes
configure:5068: checking for inttypes.h
configure:5068: /usr/bin/gcc -c -g3 -gdwarf-2 -pedantic -Wall -Wextra  -Wno-long-long conftest.c >&5
configure:5068: $? = 0
configure:5068: result: yes
configure:5068: checking for stdint.h
configure:5068: /usr/bin/gcc -c -g3 -gdwarf-2 -pedantic -Wall -Wextra  -Wno-long-long conftest.c >&5
configure:5068: $? = 0
configure:5068: result: yes
configure:5068: checking for unistd.h
configure:5068: /usr/bin/gcc -c -g3 -gdwarf-2 -pedantic -Wall -Wextra  -Wno-long-long conftest.c >&5
configure:5068: $? = 0
configure:5068: result: yes
configure:5099: checking sqlite3.h usability
configure:5099: /usr/bin/gcc -c -g3 -gdwarf-2 -pedantic -Wall -Wextra  -Wno-long-long -I/usr/include conftest.c >&5
configure:5099: $? = 0
configure:5099: result: yes
configure:5099: checking sqlite3.h presence
configure:5099: /usr/bin/gcc -E  -Wno-long-long -I/usr/include conftest.c
configure:5099: $? = 0
configure:5099: result: yes
configure:5099: checking for sqlite3.h
configure:5099: result: yes
configure:5115: checking for sqlite3_prepare_v2 in -lsqlite3
configure:5140: /usr/bin/gcc -o conftest -g3 -gdwarf-2 -pedantic -Wall -Wextra  -Wno-long-long -I/usr/include  conftest.c -lsqlite3   -L/usr/lib -lsqlite3 >&5
configure:5140: $? = 0
configure:5149: result: yes
configure:5173: checking for dlopen
configure:5173: /usr/bin/gcc -o conftest -g3 -gdwarf-2 -pedantic -Wall -Wextra  -Wno-long-long  conftest.c  >&5
/tmp/ccpkKLJ8.o: In function `main':
/home/franchoco/git/tcb-pkcs11/SoftHSM/conftest.c:56: undefined reference to `dlopen'
collect2: error: ld returned 1 exit status
configure:5173: $? = 1
configure: failed program was:
| /* confdefs.h */
| #define PACKAGE_NAME "SoftHSM"
| #define PACKAGE_TARNAME "softhsm"
| #define PACKAGE_VERSION "1.3.4"
| #define PACKAGE_STRING "SoftHSM 1.3.4"
| #define PACKAGE_BUGREPORT ""
| #define PACKAGE_URL ""
| #define PACKAGE "softhsm"
| #define VERSION "1.3.4"
| #define STDC_HEADERS 1
| #define HAVE_SYS_TYPES_H 1
| #define HAVE_SYS_STAT_H 1
| #define HAVE_STDLIB_H 1
| #define HAVE_STRING_H 1
| #define HAVE_MEMORY_H 1
| #define HAVE_STRINGS_H 1
| #define HAVE_INTTYPES_H 1
| #define HAVE_STDINT_H 1
| #define HAVE_UNISTD_H 1
| #define HAVE_LIBSQLITE3 1
| /* end confdefs.h.  */
| /* Define dlopen to an innocuous variant, in case <limits.h> declares dlopen.
|    For example, HP-UX 11i <limits.h> declares gettimeofday.  */
| #define dlopen innocuous_dlopen
| 
| /* System header to define __stub macros and hopefully few prototypes,
|     which can conflict with char dlopen (); below.
|     Prefer <limits.h> to <assert.h> if __STDC__ is defined, since
|     <limits.h> exists even on freestanding compilers.  */
| 
| #ifdef __STDC__
| # include <limits.h>
| #else
| # include <assert.h>
| #endif
| 
| #undef dlopen
| 
| /* Override any GCC internal prototype to avoid an error.
|    Use char because int might match the return type of a GCC
|    builtin and then its argument prototype would still apply.  */
| #ifdef __cplusplus
| extern "C"
| #endif
| char dlopen ();
| /* The GNU C library defines this for functions which it implements
|     to always fail with ENOSYS.  Some functions are actually named
|     something starting with __ and the normal name is an alias.  */
| #if defined __stub_dlopen || defined __stub___dlopen
| choke me
| #endif
| 
| int
| main ()
| {
| return dlopen ();
|   ;
|   return 0;
| }
configure:5173: result: no
configure:5183: checking for dlopen in -ldl
configure:5208: /usr/bin/gcc -o conftest -g3 -gdwarf-2 -pedantic -Wall -Wextra  -Wno-long-long  conftest.c -ldl   >&5
configure:5208: $? = 0
configure:5217: result: yes
configure:5273: checking for sched_yield in -lrt
configure:5298: /usr/bin/gcc -o conftest -g3 -gdwarf-2 -pedantic -Wall -Wextra  -Wno-long-long  conftest.c -lrt   -ldl >&5
configure:5298: $? = 0
configure:5307: result: yes
configure:5358: checking for getpassphrase
configure:5358: /usr/bin/gcc -o conftest -g3 -gdwarf-2 -pedantic -Wall -Wextra  -Wno-long-long  conftest.c  -ldl >&5
/tmp/ccFI5MPr.o: In function `main':
/home/franchoco/git/tcb-pkcs11/SoftHSM/conftest.c:57: undefined reference to `getpassphrase'
collect2: error: ld returned 1 exit status
configure:5358: $? = 1
configure: failed program was:
| /* confdefs.h */
| #define PACKAGE_NAME "SoftHSM"
| #define PACKAGE_TARNAME "softhsm"
| #define PACKAGE_VERSION "1.3.4"
| #define PACKAGE_STRING "SoftHSM 1.3.4"
| #define PACKAGE_BUGREPORT ""
| #define PACKAGE_URL ""
| #define PACKAGE "softhsm"
| #define VERSION "1.3.4"
| #define STDC_HEADERS 1
| #define HAVE_SYS_TYPES_H 1
| #define HAVE_SYS_STAT_H 1
| #define HAVE_STDLIB_H 1
| #define HAVE_STRING_H 1
| #define HAVE_MEMORY_H 1
| #define HAVE_STRINGS_H 1
| #define HAVE_INTTYPES_H 1
| #define HAVE_STDINT_H 1
| #define HAVE_UNISTD_H 1
| #define HAVE_LIBSQLITE3 1
| #define HAVE_DLOPEN 1
| /* end confdefs.h.  */
| /* Define getpassphrase to an innocuous variant, in case <limits.h> declares getpassphrase.
|    For example, HP-UX 11i <limits.h> declares gettimeofday.  */
| #define getpassphrase innocuous_getpassphrase
| 
| /* System header to define __stub macros and hopefully few prototypes,
|     which can conflict with char getpassphrase (); below.
|     Prefer <limits.h> to <assert.h> if __STDC__ is defined, since
|     <limits.h> exists even on freestanding compilers.  */
| 
| #ifdef __STDC__
| # include <limits.h>
| #else
| # include <assert.h>
| #endif
| 
| #undef getpassphrase
| 
| /* Override any GCC internal prototype to avoid an error.
|    Use char because int might match the return type of a GCC
|    builtin and then its argument prototype would still apply.  */
| #ifdef __cplusplus
| extern "C"
| #endif
| char getpassphrase ();
| /* The GNU C library defines this for functions which it implements
|     to always fail with ENOSYS.  Some functions are actually named
|     something starting with __ and the normal name is an alias.  */
| #if defined __stub_getpassphrase || defined __stub___getpassphrase
| choke me
| #endif
| 
| int
| main ()
| {
| return getpassphrase ();
|   ;
|   return 0;
| }
configure:5358: result: no
configure:5370: checking for sys/time.h
configure:5370: /usr/bin/gcc -c -g3 -gdwarf-2 -pedantic -Wall -Wextra  -Wno-long-long conftest.c >&5
configure:5370: $? = 0
configure:5370: result: yes
configure:5370: checking for dlfcn.h
configure:5370: /usr/bin/gcc -c -g3 -gdwarf-2 -pedantic -Wall -Wextra  -Wno-long-long conftest.c >&5
configure:5370: $? = 0
configure:5370: result: yes
configure:5370: checking for pthread.h
configure:5370: /usr/bin/gcc -c -g3 -gdwarf-2 -pedantic -Wall -Wextra  -Wno-long-long conftest.c >&5
configure:5370: $? = 0
configure:5370: result: yes
configure:5370: checking for syslog.h
configure:5370: /usr/bin/gcc -c -g3 -gdwarf-2 -pedantic -Wall -Wextra  -Wno-long-long conftest.c >&5
configure:5370: $? = 0
configure:5370: result: yes
configure:5437: checking build system type
configure:5451: result: x86_64-unknown-linux-gnu
configure:5471: checking host system type
configure:5484: result: x86_64-unknown-linux-gnu
configure:5570: checking how to print strings
configure:5597: result: printf
configure:5618: checking for a sed that does not truncate output
configure:5682: result: /usr/bin/sed
configure:5700: checking for fgrep
configure:5762: result: /usr/bin/grep -F
configure:5797: checking for ld used by /usr/bin/gcc
configure:5864: result: /usr/bin/ld
configure:5871: checking if the linker (/usr/bin/ld) is GNU ld
configure:5886: result: yes
configure:5898: checking for BSD- or MS-compatible name lister (nm)
configure:5947: result: /usr/bin/nm -B
configure:6077: checking the name lister (/usr/bin/nm -B) interface
configure:6084: /usr/bin/gcc -c -g3 -gdwarf-2 -pedantic -Wall -Wextra  -Wno-long-long conftest.c >&5
configure:6087: /usr/bin/nm -B "conftest.o"
configure:6090: output
0000000000000000 B some_variable
0000000000000000 n wm4.1.1e2e1ce8054c392340e5abedb9a6b3ae
0000000000000000 n wm4.stdcpredef.h.19.785b9754a8399dbf7fe5c981ac822b48
configure:6097: result: BSD nm
configure:6100: checking whether ln -s works
configure:6104: result: yes
configure:6112: checking the maximum length of command line arguments
configure:6242: result: 1572864
configure:6259: checking whether the shell understands some XSI constructs
configure:6269: result: yes
configure:6273: checking whether the shell understands "+="
configure:6279: result: yes
configure:6314: checking how to convert x86_64-unknown-linux-gnu file names to x86_64-unknown-linux-gnu format
configure:6354: result: func_convert_file_noop
configure:6361: checking how to convert x86_64-unknown-linux-gnu file names to toolchain format
configure:6381: result: func_convert_file_noop
configure:6388: checking for /usr/bin/ld option to reload object files
configure:6395: result: -r
configure:6469: checking for objdump
configure:6485: found /usr/bin/objdump
configure:6496: result: objdump
configure:6525: checking how to recognize dependent libraries
configure:6727: result: pass_all
configure:6812: checking for dlltool
configure:6842: result: no
configure:6869: checking how to associate runtime and link libraries
configure:6896: result: printf %s\n
configure:6956: checking for ar
configure:6972: found /usr/bin/ar
configure:6983: result: ar
configure:7020: checking for archiver @FILE support
configure:7037: /usr/bin/gcc -c -g3 -gdwarf-2 -pedantic -Wall -Wextra  -Wno-long-long conftest.c >&5
configure:7037: $? = 0
configure:7040: ar cru libconftest.a @conftest.lst >&5
configure:7043: $? = 0
configure:7048: ar cru libconftest.a @conftest.lst >&5
ar: conftest.o: No such file or directory
configure:7051: $? = 1
configure:7063: result: @
configure:7121: checking for strip
configure:7137: found /usr/bin/strip
configure:7148: result: strip
configure:7220: checking for ranlib
configure:7236: found /usr/bin/ranlib
configure:7247: result: ranlib
configure:7349: checking command to parse /usr/bin/nm -B output from /usr/bin/gcc object
configure:7469: /usr/bin/gcc -c -g3 -gdwarf-2 -pedantic -Wall -Wextra  -Wno-long-long conftest.c >&5
configure:7472: $? = 0
configure:7476: /usr/bin/nm -B conftest.o \| sed -n -e 's/^.*[ ]\([ABCDGIRSTW][ABCDGIRSTW]*\)[ ][ ]*\([_A-Za-z][_A-Za-z0-9]*\)$/\1 \2 \2/p' | sed '/ __gnu_lto/d' \> conftest.nm
configure:7479: $? = 0
configure:7545: /usr/bin/gcc -o conftest -g3 -gdwarf-2 -pedantic -Wall -Wextra  -Wno-long-long  conftest.c conftstm.o >&5
conftest.c:29:20: warning: ISO C forbids conversion of function pointer to object pointer type [-Wpedantic]
   {"nm_test_func", (void *) &nm_test_func},
                    ^
configure:7548: $? = 0
configure:7586: result: ok
configure:7623: checking for sysroot
configure:7653: result: no
configure:7730: /usr/bin/gcc -c -g3 -gdwarf-2 -pedantic -Wall -Wextra  -Wno-long-long conftest.c >&5
configure:7733: $? = 0
configure:7909: checking for mt
configure:7939: result: no
configure:7959: checking if : is a manifest tool
configure:7965: : '-?'
configure:7973: result: no
configure:8612: checking for dlfcn.h
configure:8612: result: yes
configure:9126: checking for objdir
configure:9141: result: .libs
configure:9412: checking if /usr/bin/gcc supports -fno-rtti -fno-exceptions
configure:9430: /usr/bin/gcc -c -g3 -gdwarf-2 -pedantic -Wall -Wextra  -Wno-long-long -fno-rtti -fno-exceptions conftest.c >&5
cc1: warning: command line option '-fno-rtti' is valid for C++/ObjC++ but not for C [enabled by default]
configure:9434: $? = 0
configure:9447: result: no
configure:9774: checking for /usr/bin/gcc option to produce PIC
configure:9781: result: -fPIC -DPIC
configure:9789: checking if /usr/bin/gcc PIC flag -fPIC -DPIC works
configure:9807: /usr/bin/gcc -c -g3 -gdwarf-2 -pedantic -Wall -Wextra  -Wno-long-long -fPIC -DPIC -DPIC conftest.c >&5
configure:9811: $? = 0
configure:9824: result: yes
configure:9853: checking if /usr/bin/gcc static flag -static works
configure:9881: result: yes
configure:9896: checking if /usr/bin/gcc supports -c -o file.o
configure:9917: /usr/bin/gcc -c -g3 -gdwarf-2 -pedantic -Wall -Wextra  -Wno-long-long -o out/conftest2.o conftest.c >&5
configure:9921: $? = 0
configure:9943: result: yes
configure:9951: checking if /usr/bin/gcc supports -c -o file.o
configure:9998: result: yes
configure:10031: checking whether the /usr/bin/gcc linker (/usr/bin/ld -m elf_x86_64) supports shared libraries
configure:11184: result: yes
configure:11221: checking whether -lc should be explicitly linked in
configure:11229: /usr/bin/gcc -c -g3 -gdwarf-2 -pedantic -Wall -Wextra  -Wno-long-long conftest.c >&5
configure:11232: $? = 0
configure:11247: /usr/bin/gcc -shared  -fPIC -DPIC conftest.o  -v -Wl,-soname -Wl,conftest -o conftest 2\>\&1 \| /usr/bin/grep  -lc  \>/dev/null 2\>\&1
configure:11250: $? = 0
configure:11264: result: no
configure:11424: checking dynamic linker characteristics
configure:11935: /usr/bin/gcc -o conftest -g3 -gdwarf-2 -pedantic -Wall -Wextra  -Wno-long-long  -Wl,-rpath -Wl,/foo conftest.c  -ldl >&5
configure:11935: $? = 0
configure:12157: result: GNU/Linux ld.so
configure:12264: checking how to hardcode library paths into programs
configure:12289: result: immediate
configure:12829: checking whether stripping libraries is possible
configure:12834: result: yes
configure:12869: checking if libtool supports shared libraries
configure:12871: result: yes
configure:12874: checking whether to build shared libraries
configure:12895: result: yes
configure:12898: checking whether to build static libraries
configure:12902: result: yes
configure:12925: checking how to run the C++ preprocessor
configure:12952: /usr/bin/g++ -E  -Wno-long-long conftest.cpp
configure:12952: $? = 0
configure:12966: /usr/bin/g++ -E  -Wno-long-long conftest.cpp
conftest.cpp:37:28: fatal error: ac_nonexistent.h: No such file or directory
 #include <ac_nonexistent.h>
                            ^
compilation terminated.
configure:12966: $? = 1
configure: failed program was:
| /* confdefs.h */
| #define PACKAGE_NAME "SoftHSM"
| #define PACKAGE_TARNAME "softhsm"
| #define PACKAGE_VERSION "1.3.4"
| #define PACKAGE_STRING "SoftHSM 1.3.4"
| #define PACKAGE_BUGREPORT ""
| #define PACKAGE_URL ""
| #define PACKAGE "softhsm"
| #define VERSION "1.3.4"
| #define STDC_HEADERS 1
| #define HAVE_SYS_TYPES_H 1
| #define HAVE_SYS_STAT_H 1
| #define HAVE_STDLIB_H 1
| #define HAVE_STRING_H 1
| #define HAVE_MEMORY_H 1
| #define HAVE_STRINGS_H 1
| #define HAVE_INTTYPES_H 1
| #define HAVE_STDINT_H 1
| #define HAVE_UNISTD_H 1
| #define HAVE_LIBSQLITE3 1
| #define HAVE_DLOPEN 1
| #define HAVE_SYS_TIME_H 1
| #define HAVE_DLFCN_H 1
| #define HAVE_PTHREAD_H 1
| #define HAVE_SYSLOG_H 1
| #define VERSION_MAJOR 1
| #define VERSION_MINOR 3
| #define SOFTLOGLEVEL 3
| #define MAX_SESSION_COUNT 256
| #define MAX_PIN_LEN 255
| #define MIN_PIN_LEN 4
| #define DEFAULT_SOFTHSM_CONF "/etc/softhsm.conf"
| #define DEFAULT_PKCS11_LIB "/usr/local/lib/softhsm/libsofthsm.so"
| #define HAVE_DLFCN_H 1
| #define LT_OBJDIR ".libs/"
| /* end confdefs.h.  */
| #include <ac_nonexistent.h>
configure:12991: result: /usr/bin/g++ -E
configure:13011: /usr/bin/g++ -E  -Wno-long-long conftest.cpp
configure:13011: $? = 0
configure:13025: /usr/bin/g++ -E  -Wno-long-long conftest.cpp
conftest.cpp:37:28: fatal error: ac_nonexistent.h: No such file or directory
 #include <ac_nonexistent.h>
                            ^
compilation terminated.
configure:13025: $? = 1
configure: failed program was:
| /* confdefs.h */
| #define PACKAGE_NAME "SoftHSM"
| #define PACKAGE_TARNAME "softhsm"
| #define PACKAGE_VERSION "1.3.4"
| #define PACKAGE_STRING "SoftHSM 1.3.4"
| #define PACKAGE_BUGREPORT ""
| #define PACKAGE_URL ""
| #define PACKAGE "softhsm"
| #define VERSION "1.3.4"
| #define STDC_HEADERS 1
| #define HAVE_SYS_TYPES_H 1
| #define HAVE_SYS_STAT_H 1
| #define HAVE_STDLIB_H 1
| #define HAVE_STRING_H 1
| #define HAVE_MEMORY_H 1
| #define HAVE_STRINGS_H 1
| #define HAVE_INTTYPES_H 1
| #define HAVE_STDINT_H 1
| #define HAVE_UNISTD_H 1
| #define HAVE_LIBSQLITE3 1
| #define HAVE_DLOPEN 1
| #define HAVE_SYS_TIME_H 1
| #define HAVE_DLFCN_H 1
| #define HAVE_PTHREAD_H 1
| #define HAVE_SYSLOG_H 1
| #define VERSION_MAJOR 1
| #define VERSION_MINOR 3
| #define SOFTLOGLEVEL 3
| #define MAX_SESSION_COUNT 256
| #define MAX_PIN_LEN 255
| #define MIN_PIN_LEN 4
| #define DEFAULT_SOFTHSM_CONF "/etc/softhsm.conf"
| #define DEFAULT_PKCS11_LIB "/usr/local/lib/softhsm/libsofthsm.so"
| #define HAVE_DLFCN_H 1
| #define LT_OBJDIR ".libs/"
| /* end confdefs.h.  */
| #include <ac_nonexistent.h>
configure:13194: checking for ld used by /usr/bin/g++
configure:13261: result: /usr/bin/ld -m elf_x86_64
configure:13268: checking if the linker (/usr/bin/ld -m elf_x86_64) is GNU ld
configure:13283: result: yes
configure:13338: checking whether the /usr/bin/g++ linker (/usr/bin/ld -m elf_x86_64) supports shared libraries
configure:14343: result: yes
configure:14379: /usr/bin/g++ -c -g3 -gdwarf-2  -Wno-long-long conftest.cpp >&5
configure:14382: $? = 0
configure:14902: checking for /usr/bin/g++ option to produce PIC
configure:14909: result: -fPIC -DPIC
configure:14917: checking if /usr/bin/g++ PIC flag -fPIC -DPIC works
configure:14935: /usr/bin/g++ -c -g3 -gdwarf-2  -Wno-long-long -fPIC -DPIC -DPIC conftest.cpp >&5
configure:14939: $? = 0
configure:14952: result: yes
configure:14975: checking if /usr/bin/g++ static flag -static works
configure:15003: result: yes
configure:15015: checking if /usr/bin/g++ supports -c -o file.o
configure:15036: /usr/bin/g++ -c -g3 -gdwarf-2  -Wno-long-long -o out/conftest2.o conftest.cpp >&5
configure:15040: $? = 0
configure:15062: result: yes
configure:15067: checking if /usr/bin/g++ supports -c -o file.o
configure:15114: result: yes
configure:15144: checking whether the /usr/bin/g++ linker (/usr/bin/ld -m elf_x86_64) supports shared libraries
configure:15180: result: yes
configure:15321: checking dynamic linker characteristics
configure:15988: result: GNU/Linux ld.so
configure:16041: checking how to hardcode library paths into programs
configure:16066: result: immediate
configure:16170: checking for windres
configure:16200: result: no
configure:16423: checking that generated files are newer than configure
configure:16429: result: done
configure:16456: creating ./config.status

## ---------------------- ##
## Running config.status. ##
## ---------------------- ##

This file was extended by SoftHSM config.status 1.3.4, which was
generated by GNU Autoconf 2.69.  Invocation command line was

  CONFIG_FILES    = 
  CONFIG_HEADERS  = 
  CONFIG_LINKS    = 
  CONFIG_COMMANDS = 
  $ ./config.status 

on laptop

config.status:1225: creating Makefile
config.status:1225: creating src/Makefile
config.status:1225: creating src/lib/Makefile
config.status:1225: creating src/bin/Makefile
config.status:1225: creating checks/Makefile
config.status:1225: creating softhsm.conf
config.status:1225: creating softhsm.conf.5
config.status:1225: creating src/bin/softhsm.1
config.status:1225: creating config.h
config.status:1406: config.h is unchanged
config.status:1454: executing depfiles commands
config.status:1454: executing libtool commands

## ---------------- ##
## Cache variables. ##
## ---------------- ##

ac_cv_build=x86_64-unknown-linux-gnu
ac_cv_c_compiler_gnu=yes
ac_cv_cxx_compiler_gnu=yes
ac_cv_env_CCC_set=
ac_cv_env_CCC_value=
ac_cv_env_CC_set=set
ac_cv_env_CC_value=/usr/bin/gcc
ac_cv_env_CFLAGS_set=set
ac_cv_env_CFLAGS_value='-g3 -gdwarf-2'
ac_cv_env_CPPFLAGS_set=
ac_cv_env_CPPFLAGS_value=
ac_cv_env_CPP_set=
ac_cv_env_CPP_value=
ac_cv_env_CXXCPP_set=
ac_cv_env_CXXCPP_value=
ac_cv_env_CXXFLAGS_set=set
ac_cv_env_CXXFLAGS_value='-g3 -gdwarf-2'
ac_cv_env_CXX_set=set
ac_cv_env_CXX_value=/usr/bin/g++
ac_cv_env_LDFLAGS_set=set
ac_cv_env_LDFLAGS_value=
ac_cv_env_LIBS_set=
ac_cv_env_LIBS_value=
ac_cv_env_build_alias_set=
ac_cv_env_build_alias_value=
ac_cv_env_host_alias_set=
ac_cv_env_host_alias_value=
ac_cv_env_target_alias_set=
ac_cv_env_target_alias_value=
ac_cv_func_dlopen=no
ac_cv_func_getpassphrase=no
ac_cv_header_dlfcn_h=yes
ac_cv_header_inttypes_h=yes
ac_cv_header_memory_h=yes
ac_cv_header_pthread_h=yes
ac_cv_header_sqlite3_h=yes
ac_cv_header_stdc=yes
ac_cv_header_stdint_h=yes
ac_cv_header_stdlib_h=yes
ac_cv_header_string_h=yes
ac_cv_header_strings_h=yes
ac_cv_header_sys_stat_h=yes
ac_cv_header_sys_time_h=yes
ac_cv_header_sys_types_h=yes
ac_cv_header_syslog_h=yes
ac_cv_header_unistd_h=yes
ac_cv_host=x86_64-unknown-linux-gnu
ac_cv_lib_dl_dlopen=yes
ac_cv_lib_rt_sched_yield=yes
ac_cv_lib_sqlite3_sqlite3_prepare_v2=yes
ac_cv_objext=o
ac_cv_path_EGREP='/usr/bin/grep -E'
ac_cv_path_FGREP='/usr/bin/grep -F'
ac_cv_path_GREP=/usr/bin/grep
ac_cv_path_SED=/usr/bin/sed
ac_cv_path_install='/usr/bin/install -c'
ac_cv_path_mkdir=/usr/bin/mkdir
ac_cv_prog_AWK=gawk
ac_cv_prog_CPP='/usr/bin/gcc -E'
ac_cv_prog_CXXCPP='/usr/bin/g++ -E'
ac_cv_prog_ac_ct_AR=ar
ac_cv_prog_ac_ct_CC=/usr/bin/gcc
ac_cv_prog_ac_ct_OBJDUMP=objdump
ac_cv_prog_ac_ct_RANLIB=ranlib
ac_cv_prog_ac_ct_STRIP=strip
ac_cv_prog_cc_c89=
ac_cv_prog_cc_g=yes
ac_cv_prog_cxx_g=yes
ac_cv_prog_make_make_set=yes
am_cv_CC_dependencies_compiler_type=gcc3
am_cv_CXX_dependencies_compiler_type=gcc3
am_cv_make_support_nested_variables=yes
lt_cv_ar_at_file=@
lt_cv_archive_cmds_need_lc=no
lt_cv_deplibs_check_method=pass_all
lt_cv_file_magic_cmd='$MAGIC_CMD'
lt_cv_file_magic_test_file=
lt_cv_ld_reload_flag=-r
lt_cv_nm_interface='BSD nm'
lt_cv_objdir=.libs
lt_cv_path_LD=/usr/bin/ld
lt_cv_path_LDCXX='/usr/bin/ld -m elf_x86_64'
lt_cv_path_NM='/usr/bin/nm -B'
lt_cv_path_mainfest_tool=no
lt_cv_prog_compiler_c_o=yes
lt_cv_prog_compiler_c_o_CXX=yes
lt_cv_prog_compiler_c_o_RC=yes
lt_cv_prog_compiler_pic='-fPIC -DPIC'
lt_cv_prog_compiler_pic_CXX='-fPIC -DPIC'
lt_cv_prog_compiler_pic_works=yes
lt_cv_prog_compiler_pic_works_CXX=yes
lt_cv_prog_compiler_rtti_exceptions=no
lt_cv_prog_compiler_static_works=yes
lt_cv_prog_compiler_static_works_CXX=yes
lt_cv_prog_gnu_ld=yes
lt_cv_prog_gnu_ldcxx=yes
lt_cv_sharedlib_from_linklib_cmd='printf %s\n'
lt_cv_shlibpath_overrides_runpath=no
lt_cv_sys_global_symbol_pipe='sed -n -e '\''s/^.*[	 ]\([ABCDGIRSTW][ABCDGIRSTW]*\)[	 ][	 ]*\([_A-Za-z][_A-Za-z0-9]*\)$/\1 \2 \2/p'\'' | sed '\''/ __gnu_lto/d'\'''
lt_cv_sys_global_symbol_to_c_name_address='sed -n -e '\''s/^: \([^ ]*\)[ ]*$/  {\"\1\", (void *) 0},/p'\'' -e '\''s/^[ABCDGIRSTW]* \([^ ]*\) \([^ ]*\)$/  {"\2", (void *) \&\2},/p'\'''
lt_cv_sys_global_symbol_to_c_name_address_lib_prefix='sed -n -e '\''s/^: \([^ ]*\)[ ]*$/  {\"\1\", (void *) 0},/p'\'' -e '\''s/^[ABCDGIRSTW]* \([^ ]*\) \(lib[^ ]*\)$/  {"\2", (void *) \&\2},/p'\'' -e '\''s/^[ABCDGIRSTW]* \([^ ]*\) \([^ ]*\)$/  {"lib\2", (void *) \&\2},/p'\'''
lt_cv_sys_global_symbol_to_cdecl='sed -n -e '\''s/^T .* \(.*\)$/extern int \1();/p'\'' -e '\''s/^[ABCDGIRSTW]* .* \(.*\)$/extern char \1;/p'\'''
lt_cv_sys_max_cmd_len=1572864
lt_cv_to_host_file_cmd=func_convert_file_noop
lt_cv_to_tool_file_cmd=func_convert_file_noop

## ----------------- ##
## Output variables. ##
## ----------------- ##

ACLOCAL='${SHELL} /home/franchoco/git/tcb-pkcs11/SoftHSM/missing aclocal-1.13'
AMDEPBACKSLASH='\'
AMDEP_FALSE='#'
AMDEP_TRUE=''
AMTAR='$${TAR-tar}'
AM_BACKSLASH='\'
AM_DEFAULT_V='$(AM_DEFAULT_VERBOSITY)'
AM_DEFAULT_VERBOSITY='1'
AM_V='$(V)'
AR='ar'
AS='as'
AUTOCONF='${SHELL} /home/franchoco/git/tcb-pkcs11/SoftHSM/missing autoconf'
AUTOHEADER='${SHELL} /home/franchoco/git/tcb-pkcs11/SoftHSM/missing autoheader'
AUTOMAKE='${SHELL} /home/franchoco/git/tcb-pkcs11/SoftHSM/missing automake-1.13'
AWK='gawk'
BOTAN_INCLUDES='-I/usr/include/botan-1.10'
BOTAN_LIBS='-L/usr/lib -lbotan-1.10'
CC='/usr/bin/gcc'
CCDEPMODE='depmode=gcc3'
CFLAGS='-g3 -gdwarf-2 -pedantic -Wall -Wextra'
CPP='/usr/bin/gcc -E'
CPPFLAGS=' -Wno-long-long'
CXX='/usr/bin/g++'
CXXCPP='/usr/bin/g++ -E'
CXXDEPMODE='depmode=gcc3'
CXXFLAGS='-g3 -gdwarf-2'
CYGPATH_W='echo'
DEFS='-DHAVE_CONFIG_H'
DEPDIR='.deps'
DLLTOOL='false'
DSYMUTIL=''
DUMPBIN=''
ECHO_C=''
ECHO_N='-n'
ECHO_T=''
EGREP='/usr/bin/grep -E'
EXEEXT=''
FGREP='/usr/bin/grep -F'
GREP='/usr/bin/grep'
INSTALL_DATA='${INSTALL} -m 644'
INSTALL_PROGRAM='${INSTALL}'
INSTALL_SCRIPT='${INSTALL}'
INSTALL_STRIP_PROGRAM='$(install_sh) -c -s'
LD='/usr/bin/ld -m elf_x86_64'
LDFLAGS=''
LIBOBJS=''
LIBS=' -ldl'
LIBTOOL='$(SHELL) $(top_builddir)/libtool'
LIPO=''
LN_S='ln -s'
LTLIBOBJS=''
MAKEINFO='${SHELL} /home/franchoco/git/tcb-pkcs11/SoftHSM/missing makeinfo'
MANIFEST_TOOL=':'
MKDIR_P='/usr/bin/mkdir -p'
NM='/usr/bin/nm -B'
NMEDIT=''
OBJDUMP='objdump'
OBJEXT='o'
OTOOL64=''
OTOOL=''
PACKAGE='softhsm'
PACKAGE_BUGREPORT=''
PACKAGE_NAME='SoftHSM'
PACKAGE_STRING='SoftHSM 1.3.4'
PACKAGE_TARNAME='softhsm'
PACKAGE_URL=''
PACKAGE_VERSION='1.3.4'
PATH_SEPARATOR=':'
RANLIB='ranlib'
RC=''
SED='/usr/bin/sed'
SET_MAKE=''
SHELL='/bin/sh'
SQLITE3_INCLUDES='-I/usr/include'
SQLITE3_LIBS='-L/usr/lib -lsqlite3'
STRIP='strip'
VERSION='1.3.4'
VERSION_INFO='1:11:0'
YIELD_LIB='-lrt'
ac_ct_AR='ar'
ac_ct_CC='/usr/bin/gcc'
ac_ct_CXX=''
ac_ct_DUMPBIN=''
am__EXEEXT_FALSE=''
am__EXEEXT_TRUE='#'
am__fastdepCC_FALSE='#'
am__fastdepCC_TRUE=''
am__fastdepCXX_FALSE='#'
am__fastdepCXX_TRUE=''
am__include='include'
am__isrc=''
am__leading_dot='.'
am__nodep='_no'
am__quote=''
am__tar='$${TAR-tar} chof - "$$tardir"'
am__untar='$${TAR-tar} xf -'
bindir='${exec_prefix}/bin'
build='x86_64-unknown-linux-gnu'
build_alias=''
build_cpu='x86_64'
build_os='linux-gnu'
build_vendor='unknown'
datadir='${datarootdir}'
datarootdir='${prefix}/share'
default_softhsm_conf='/etc/softhsm.conf'
docdir='${datarootdir}/doc/${PACKAGE_TARNAME}'
dvidir='${docdir}'
exec_prefix='${prefix}'
host='x86_64-unknown-linux-gnu'
host_alias=''
host_cpu='x86_64'
host_os='linux-gnu'
host_vendor='unknown'
htmldir='${docdir}'
includedir='${prefix}/include'
infodir='${datarootdir}/info'
install_sh='${SHELL} /home/franchoco/git/tcb-pkcs11/SoftHSM/install-sh'
libdir='/usr/local/lib/softhsm'
libexecdir='${exec_prefix}/libexec'
localedir='${datarootdir}/locale'
localstatedir='/var'
mandir='${datarootdir}/man'
mkdir_p='$(MKDIR_P)'
oldincludedir='/usr/include'
pdfdir='${docdir}'
prefix='/usr/local'
program_transform_name='s,x,x,'
psdir='${docdir}'
sbindir='${exec_prefix}/sbin'
sharedstatedir='${prefix}/com'
softhsmdbdir='/var/lib/softhsm'
sysconfdir='/etc'
target_alias=''

## ----------- ##
## confdefs.h. ##
## ----------- ##

/* confdefs.h */
#define PACKAGE_NAME "SoftHSM"
#define PACKAGE_TARNAME "softhsm"
#define PACKAGE_VERSION "1.3.4"
#define PACKAGE_STRING "SoftHSM 1.3.4"
#define PACKAGE_BUGREPORT ""
#define PACKAGE_URL ""
#define PACKAGE "softhsm"
#define VERSION "1.3.4"
#define STDC_HEADERS 1
#define HAVE_SYS_TYPES_H 1
#define HAVE_SYS_STAT_H 1
#define HAVE_STDLIB_H 1
#define HAVE_STRING_H 1
#define HAVE_MEMORY_H 1
#define HAVE_STRINGS_H 1
#define HAVE_INTTYPES_H 1
#define HAVE_STDINT_H 1
#define HAVE_UNISTD_H 1
#define HAVE_LIBSQLITE3 1
#define HAVE_DLOPEN 1
#define HAVE_SYS_TIME_H 1
#define HAVE_DLFCN_H 1
#define HAVE_PTHREAD_H 1
#define HAVE_SYSLOG_H 1
#define VERSION_MAJOR 1
#define VERSION_MINOR 3
#define SOFTLOGLEVEL 3
#define MAX_SESSION_COUNT 256
#define MAX_PIN_LEN 255
#define MIN_PIN_LEN 4
#define DEFAULT_SOFTHSM_CONF "/etc/softhsm.conf"
#define DEFAULT_PKCS11_LIB "/usr/local/lib/softhsm/libsofthsm.so"
#define HAVE_DLFCN_H 1
#define LT_OBJDIR ".libs/"

configure: exit 0
